  AssemblyInfo.cpp
  mersenne.cpp
  StatFunctions.cpp
C:\Users\laurenbrown\OneDrive - Stellenbosch University\Desktop\Thembisa\StatFunctions.cpp(765,9): warning C4244: '=': conversion from 'double' to 'int', possible loss of data
C:\Users\laurenbrown\OneDrive - Stellenbosch University\Desktop\Thembisa\StatFunctions.cpp(1035,10): warning C4244: '=': conversion from 'double' to 'int', possible loss of data
C:\Users\laurenbrown\OneDrive - Stellenbosch University\Desktop\Thembisa\StatFunctions.cpp(1051,10): warning C4244: '=': conversion from 'double' to 'int', possible loss of data
C:\Users\laurenbrown\OneDrive - Stellenbosch University\Desktop\Thembisa\StatFunctions.cpp(1064,10): warning C4244: '=': conversion from 'double' to 'int', possible loss of data
C:\Users\laurenbrown\OneDrive - Stellenbosch University\Desktop\Thembisa\StatFunctions.cpp(1153,11): warning C4244: '=': conversion from 'double' to 'int', possible loss of data
C:\Users\laurenbrown\OneDrive - Stellenbosch University\Desktop\Thembisa\StatFunctions.cpp(1279,11): warning C4244: '=': conversion from 'double' to 'int', possible loss of data
C:\Users\laurenbrown\OneDrive - Stellenbosch University\Desktop\Thembisa\StatFunctions.cpp(1423,11): warning C4244: '=': conversion from 'double' to 'int', possible loss of data
C:\Users\laurenbrown\OneDrive - Stellenbosch University\Desktop\Thembisa\StatFunctions.cpp(1526,14): warning C4244: '=': conversion from 'double' to 'int', possible loss of data
C:\Users\laurenbrown\OneDrive - Stellenbosch University\Desktop\Thembisa\StatFunctions.cpp(1527,15): warning C4244: '=': conversion from 'double' to 'int', possible loss of data
C:\Users\laurenbrown\OneDrive - Stellenbosch University\Desktop\Thembisa\StatFunctions.cpp(1547,11): warning C4244: '=': conversion from 'double' to 'int', possible loss of data
C:\Users\laurenbrown\OneDrive - Stellenbosch University\Desktop\Thembisa\StatFunctions.cpp(1548,19): warning C4244: '=': conversion from 'double' to 'int', possible loss of data
C:\Users\laurenbrown\OneDrive - Stellenbosch University\Desktop\Thembisa\StatFunctions.cpp(5594,13): warning C4244: '=': conversion from 'double' to 'int', possible loss of data
C:\Users\laurenbrown\OneDrive - Stellenbosch University\Desktop\Thembisa\StatFunctions.cpp(8993,11): warning C4244: '=': conversion from 'double' to 'int', possible loss of data
C:\Users\laurenbrown\OneDrive - Stellenbosch University\Desktop\Thembisa\StatFunctions.cpp(9338,9): warning C4244: '=': conversion from 'double' to 'int', possible loss of data
  stdafx.cpp
  THEMBISA.cpp
C:\Users\laurenbrown\OneDrive - Stellenbosch University\Desktop\Thembisa\THEMBISA.cpp(71,6): warning C4101: 'iy': unreferenced local variable
C:\Users\laurenbrown\OneDrive - Stellenbosch University\Desktop\Thembisa\THEMBISA.cpp(163,9): warning C4244: '=': conversion from 'double' to 'int', possible loss of data
C:\Users\laurenbrown\OneDrive - Stellenbosch University\Desktop\Thembisa\THEMBISA.cpp(219,9): warning C4244: '=': conversion from 'double' to 'int', possible loss of data
C:\Users\laurenbrown\OneDrive - Stellenbosch University\Desktop\Thembisa\THEMBISA.cpp(234,14): warning C4101: 'NewNonVertCurrM': unreferenced local variable
C:\Users\laurenbrown\OneDrive - Stellenbosch University\Desktop\Thembisa\THEMBISA.cpp(234,9): warning C4101: 'NVI': unreferenced local variable
C:\Users\laurenbrown\OneDrive - Stellenbosch University\Desktop\Thembisa\THEMBISA.cpp(1481,29): warning C4101: 'RateAcq': unreferenced local variable
C:\Users\laurenbrown\OneDrive - Stellenbosch University\Desktop\Thembisa\THEMBISA.cpp(2486,25): warning C4244: '=': conversion from 'double' to 'int', possible loss of data
C:\Users\laurenbrown\OneDrive - Stellenbosch University\Desktop\Thembisa\THEMBISA.cpp(2487,25): warning C4244: '=': conversion from 'double' to 'int', possible loss of data
C:\Users\laurenbrown\OneDrive - Stellenbosch University\Desktop\Thembisa\THEMBISA.cpp(3703,18): warning C4101: 'iy': unreferenced local variable
C:\Users\laurenbrown\OneDrive - Stellenbosch University\Desktop\Thembisa\THEMBISA.cpp(5375,6): warning C4101: 'ia': unreferenced local variable
C:\Users\laurenbrown\OneDrive - Stellenbosch University\Desktop\Thembisa\THEMBISA.cpp(5603,22): warning C4101: 'MarriedPreviousAge': unreferenced local variable
C:\Users\laurenbrown\OneDrive - Stellenbosch University\Desktop\Thembisa\THEMBISA.cpp(6050,15): warning C4101: 'sumxy': unreferenced local variable
C:\Users\laurenbrown\OneDrive - Stellenbosch University\Desktop\Thembisa\THEMBISA.cpp(6048,14): warning C4101: 'AgeIn1992': unreferenced local variable
C:\Users\laurenbrown\OneDrive - Stellenbosch University\Desktop\Thembisa\THEMBISA.cpp(6048,36): warning C4101: 'ia2': unreferenced local variable
C:\Users\laurenbrown\OneDrive - Stellenbosch University\Desktop\Thembisa\THEMBISA.cpp(6048,25): warning C4101: 'AgeIn2016': unreferenced local variable
C:\Users\laurenbrown\OneDrive - Stellenbosch University\Desktop\Thembisa\THEMBISA.cpp(6050,9): warning C4101: 'sumx': unreferenced local variable
C:\Users\laurenbrown\OneDrive - Stellenbosch University\Desktop\Thembisa\THEMBISA.cpp(6049,9): warning C4101: 'Scaling': unreferenced local variable
C:\Users\laurenbrown\OneDrive - Stellenbosch University\Desktop\Thembisa\THEMBISA.cpp(6227,6): warning C4101: 'ia': unreferenced local variable
C:\Users\laurenbrown\OneDrive - Stellenbosch University\Desktop\Thembisa\THEMBISA.cpp(6631,14): warning C4101: 'ig': unreferenced local variable
C:\Users\laurenbrown\OneDrive - Stellenbosch University\Desktop\Thembisa\THEMBISA.cpp(6672,57): warning C4244: '=': conversion from 'double' to 'int', possible loss of data
C:\Users\laurenbrown\OneDrive - Stellenbosch University\Desktop\Thembisa\THEMBISA.cpp(6680,57): warning C4244: '=': conversion from 'double' to 'int', possible loss of data
C:\Users\laurenbrown\OneDrive - Stellenbosch University\Desktop\Thembisa\THEMBISA.cpp(6687,57): warning C4244: '=': conversion from 'double' to 'int', possible loss of data
C:\Users\laurenbrown\OneDrive - Stellenbosch University\Desktop\Thembisa\THEMBISA.cpp(6744,58): warning C4244: '=': conversion from 'double' to 'int', possible loss of data
C:\Users\laurenbrown\OneDrive - Stellenbosch University\Desktop\Thembisa\THEMBISA.cpp(6667,10): warning C4101: 'ig': unreferenced local variable
C:\Users\laurenbrown\OneDrive - Stellenbosch University\Desktop\Thembisa\THEMBISA.cpp(6796,20): warning C4244: '=': conversion from 'double' to 'int', possible loss of data
C:\Users\laurenbrown\OneDrive - Stellenbosch University\Desktop\Thembisa\THEMBISA.cpp(6817,20): warning C4244: '=': conversion from 'double' to 'int', possible loss of data
C:\Users\laurenbrown\OneDrive - Stellenbosch University\Desktop\Thembisa\THEMBISA.cpp(6846,20): warning C4244: '=': conversion from 'double' to 'int', possible loss of data
C:\Users\laurenbrown\OneDrive - Stellenbosch University\Desktop\Thembisa\THEMBISA.cpp(6767,10): warning C4101: 'ig': unreferenced local variable
C:\Users\laurenbrown\OneDrive - Stellenbosch University\Desktop\Thembisa\THEMBISA.cpp(7293,14): warning C4101: 'ig': unreferenced local variable
C:\Users\laurenbrown\OneDrive - Stellenbosch University\Desktop\Thembisa\THEMBISA.cpp(9205,23): warning C4101: 'ii': unreferenced local variable
C:\Users\laurenbrown\OneDrive - Stellenbosch University\Desktop\Thembisa\THEMBISA.cpp(9619,41): warning C4101: 'TempART': unreferenced local variable
C:\Users\laurenbrown\OneDrive - Stellenbosch University\Desktop\Thembisa\THEMBISA.cpp(9746,14): warning C4101: 'ij': unreferenced local variable
C:\Users\laurenbrown\OneDrive - Stellenbosch University\Desktop\Thembisa\THEMBISA.cpp(10243,14): warning C4101: 'is': unreferenced local variable
C:\Users\laurenbrown\OneDrive - Stellenbosch University\Desktop\Thembisa\THEMBISA.cpp(10243,18): warning C4101: 'ig': unreferenced local variable
C:\Users\laurenbrown\OneDrive - Stellenbosch University\Desktop\Thembisa\THEMBISA.cpp(11532,63): warning C4101: 'TempVL': unreferenced local variable
C:\Users\laurenbrown\OneDrive - Stellenbosch University\Desktop\Thembisa\THEMBISA.cpp(11532,74): warning C4101: 'TempVL2': unreferenced local variable
C:\Users\laurenbrown\OneDrive - Stellenbosch University\Desktop\Thembisa\THEMBISA.cpp(12941,22): warning C4101: 'id': unreferenced local variable
C:\Users\laurenbrown\OneDrive - Stellenbosch University\Desktop\Thembisa\THEMBISA.cpp(12941,10): warning C4101: 'ig': unreferenced local variable
C:\Users\laurenbrown\OneDrive - Stellenbosch University\Desktop\Thembisa\THEMBISA.cpp(12941,26): warning C4101: 'ii': unreferenced local variable
C:\Users\laurenbrown\OneDrive - Stellenbosch University\Desktop\Thembisa\THEMBISA.cpp(13668,10): warning C4101: 'ig': unreferenced local variable
C:\Users\laurenbrown\OneDrive - Stellenbosch University\Desktop\Thembisa\THEMBISA.cpp(14890,18): warning C4101: 'ii': unreferenced local variable
C:\Users\laurenbrown\OneDrive - Stellenbosch University\Desktop\Thembisa\THEMBISA.cpp(15040,59): warning C4101: 'BaseHCT': unreferenced local variable
C:\Users\laurenbrown\OneDrive - Stellenbosch University\Desktop\Thembisa\THEMBISA.cpp(15103,37): warning C4101: 'temp1a': unreferenced local variable
C:\Users\laurenbrown\OneDrive - Stellenbosch University\Desktop\Thembisa\THEMBISA.cpp(15103,61): warning C4101: 'temp2b': unreferenced local variable
C:\Users\laurenbrown\OneDrive - Stellenbosch University\Desktop\Thembisa\THEMBISA.cpp(15103,45): warning C4101: 'temp1b': unreferenced local variable
C:\Users\laurenbrown\OneDrive - Stellenbosch University\Desktop\Thembisa\THEMBISA.cpp(15103,9): warning C4101: 'ScreenTemp': unreferenced local variable
C:\Users\laurenbrown\OneDrive - Stellenbosch University\Desktop\Thembisa\THEMBISA.cpp(15103,53): warning C4101: 'temp2a': unreferenced local variable
C:\Users\laurenbrown\OneDrive - Stellenbosch University\Desktop\Thembisa\THEMBISA.cpp(19033,6): warning C4101: 'ia': unreferenced local variable
C:\Users\laurenbrown\OneDrive - Stellenbosch University\Desktop\Thembisa\THEMBISA.cpp(19187,29): warning C4101: 'SecondDeriv': unreferenced local variable
C:\Users\laurenbrown\OneDrive - Stellenbosch University\Desktop\Thembisa\THEMBISA.cpp(19187,17): warning C4101: 'FirstDeriv': unreferenced local variable
C:\Users\laurenbrown\OneDrive - Stellenbosch University\Desktop\Thembisa\THEMBISA.cpp(19186,23): warning C4101: 'ii': unreferenced local variable
C:\Users\laurenbrown\OneDrive - Stellenbosch University\Desktop\Thembisa\THEMBISA.cpp(19531,31): warning C4244: '=': conversion from 'double' to 'int', possible loss of data
C:\Users\laurenbrown\OneDrive - Stellenbosch University\Desktop\Thembisa\THEMBISA.cpp(19568,33): warning C4244: '=': conversion from 'double' to 'int', possible loss of data
C:\Users\laurenbrown\OneDrive - Stellenbosch University\Desktop\Thembisa\THEMBISA.cpp(19603,21): warning C4101: 'SecondDeriv': unreferenced local variable
C:\Users\laurenbrown\OneDrive - Stellenbosch University\Desktop\Thembisa\THEMBISA.cpp(19603,9): warning C4101: 'FirstDeriv': unreferenced local variable
C:\Users\laurenbrown\OneDrive - Stellenbosch University\Desktop\Thembisa\THEMBISA.cpp(19601,14): warning C4101: 'ii': unreferenced local variable
C:\Users\laurenbrown\OneDrive - Stellenbosch University\Desktop\Thembisa\THEMBISA.cpp(19679,20): warning C4101: 'complete1': unreferenced local variable
C:\Users\laurenbrown\OneDrive - Stellenbosch University\Desktop\Thembisa\THEMBISA.cpp(19679,9): warning C4101: 'complete0': unreferenced local variable
C:\Users\laurenbrown\OneDrive - Stellenbosch University\Desktop\Thembisa\THEMBISA.cpp(19678,14): warning C4101: 'ii': unreferenced local variable
C:\Users\laurenbrown\OneDrive - Stellenbosch University\Desktop\Thembisa\THEMBISA.cpp(19776,27): warning C4101: 'HCTbias': unreferenced local variable
C:\Users\laurenbrown\OneDrive - Stellenbosch University\Desktop\Thembisa\THEMBISA.cpp(19983,31): warning C4101: 'ModelError': unreferenced local variable
C:\Users\laurenbrown\OneDrive - Stellenbosch University\Desktop\Thembisa\THEMBISA.cpp(20245,23): warning C4244: '=': conversion from 'double' to 'int', possible loss of data
C:\Users\laurenbrown\OneDrive - Stellenbosch University\Desktop\Thembisa\THEMBISA.cpp(20511,6): warning C4101: 'ig': unreferenced local variable
C:\Users\laurenbrown\OneDrive - Stellenbosch University\Desktop\Thembisa\THEMBISA.cpp(20701,22): warning C4101: 'Adj1996': unreferenced local variable
C:\Users\laurenbrown\OneDrive - Stellenbosch University\Desktop\Thembisa\THEMBISA.cpp(20700,17): warning C4101: 'MCMCindex': unreferenced local variable
C:\Users\laurenbrown\OneDrive - Stellenbosch University\Desktop\Thembisa\THEMBISA.cpp(21216,14): warning C4101: 's': unreferenced local variable
C:\Users\laurenbrown\OneDrive - Stellenbosch University\Desktop\Thembisa\THEMBISA.cpp(21553,7): warning C4101: 'filout': unreferenced local variable
C:\Users\laurenbrown\OneDrive - Stellenbosch University\Desktop\Thembisa\THEMBISA.cpp(21554,12): warning C4101: 'ia': unreferenced local variable
C:\Users\laurenbrown\OneDrive - Stellenbosch University\Desktop\Thembisa\THEMBISA.cpp(22271,36): warning C4101: 'Temp2': unreferenced local variable
C:\Users\laurenbrown\OneDrive - Stellenbosch University\Desktop\Thembisa\THEMBISA.cpp(22271,19): warning C4101: 'ModelAdj': unreferenced local variable
C:\Users\laurenbrown\OneDrive - Stellenbosch University\Desktop\Thembisa\THEMBISA.cpp(22410,33): warning C4244: '=': conversion from 'double' to 'int', possible loss of data
C:\Users\laurenbrown\OneDrive - Stellenbosch University\Desktop\Thembisa\THEMBISA.cpp(22439,33): warning C4244: '=': conversion from 'double' to 'int', possible loss of data
C:\Users\laurenbrown\OneDrive - Stellenbosch University\Desktop\Thembisa\THEMBISA.cpp(22469,34): warning C4244: '=': conversion from 'double' to 'int', possible loss of data
C:\Users\laurenbrown\OneDrive - Stellenbosch University\Desktop\Thembisa\THEMBISA.cpp(22484,9): warning C4101: 'is': unreferenced local variable
C:\Users\laurenbrown\OneDrive - Stellenbosch University\Desktop\Thembisa\THEMBISA.cpp(22485,15): warning C4101: 'Temp2': unreferenced local variable
C:\Users\laurenbrown\OneDrive - Stellenbosch University\Desktop\Thembisa\THEMBISA.cpp(22484,17): warning C4101: 'MCMCindex': unreferenced local variable
C:\Users\laurenbrown\OneDrive - Stellenbosch University\Desktop\Thembisa\THEMBISA.cpp(22770,14): warning C4101: 'idum': unreferenced local variable
C:\Users\laurenbrown\OneDrive - Stellenbosch University\Desktop\Thembisa\THEMBISA.cpp(23008,22): warning C4244: '=': conversion from 'double' to 'int', possible loss of data
C:\Users\laurenbrown\OneDrive - Stellenbosch University\Desktop\Thembisa\THEMBISA.cpp(23108,22): warning C4244: '=': conversion from 'double' to 'int', possible loss of data
C:\Users\laurenbrown\OneDrive - Stellenbosch University\Desktop\Thembisa\THEMBISA.cpp(23125,12): warning C4101: 'y': unreferenced local variable
C:\Users\laurenbrown\OneDrive - Stellenbosch University\Desktop\Thembisa\THEMBISA.cpp(23255,52): warning C4244: '=': conversion from 'double' to 'int', possible loss of data
C:\Users\laurenbrown\OneDrive - Stellenbosch University\Desktop\Thembisa\THEMBISA.cpp(23275,18): warning C4244: '=': conversion from 'double' to 'int', possible loss of data
C:\Users\laurenbrown\OneDrive - Stellenbosch University\Desktop\Thembisa\THEMBISA.cpp(23281,8): warning C4244: '=': conversion from 'double' to 'int', possible loss of data
C:\Users\laurenbrown\OneDrive - Stellenbosch University\Desktop\Thembisa\THEMBISA.cpp(23269,44): warning C4101: 'intpart1': unreferenced local variable
C:\Users\laurenbrown\OneDrive - Stellenbosch University\Desktop\Thembisa\THEMBISA.cpp(23269,25): warning C4101: 'x1': unreferenced local variable
C:\Users\laurenbrown\OneDrive - Stellenbosch University\Desktop\Thembisa\THEMBISA.cpp(23267,7): warning C4101: 'filout': unreferenced local variable
C:\Users\laurenbrown\OneDrive - Stellenbosch University\Desktop\Thembisa\THEMBISA.cpp(23269,29): warning C4101: 'DoubleIntDif1': unreferenced local variable
C:\Users\laurenbrown\OneDrive - Stellenbosch University\Desktop\Thembisa\THEMBISA.cpp(23528,30): warning C4244: '=': conversion from 'double' to 'int', possible loss of data
C:\Users\laurenbrown\OneDrive - Stellenbosch University\Desktop\Thembisa\THEMBISA.cpp(23529,37): warning C4244: '=': conversion from 'double' to 'int', possible loss of data
C:\Users\laurenbrown\OneDrive - Stellenbosch University\Desktop\Thembisa\THEMBISA.cpp(23700,22): warning C4101: 'Adj1996': unreferenced local variable
C:\Users\laurenbrown\OneDrive - Stellenbosch University\Desktop\Thembisa\THEMBISA.cpp(23699,25): warning C4101: 'MCMCindex': unreferenced local variable
C:\Users\laurenbrown\OneDrive - Stellenbosch University\Desktop\Thembisa\THEMBISA.cpp(24228,9): warning C4101: 'is': unreferenced local variable
C:\Users\laurenbrown\OneDrive - Stellenbosch University\Desktop\Thembisa\THEMBISA.cpp(24229,15): warning C4101: 'Temp2': unreferenced local variable
C:\Users\laurenbrown\OneDrive - Stellenbosch University\Desktop\Thembisa\THEMBISA.cpp(24228,25): warning C4101: 'MCMCindex': unreferenced local variable
C:\Users\laurenbrown\OneDrive - Stellenbosch University\Desktop\Thembisa\THEMBISA.cpp(24527,6): warning C4101: 'i': unreferenced local variable
C:\Users\laurenbrown\OneDrive - Stellenbosch University\Desktop\Thembisa\THEMBISA.cpp(24630,9): warning C4101: 'sumvertices': unreferenced local variable
C:\Users\laurenbrown\OneDrive - Stellenbosch University\Desktop\Thembisa\THEMBISA.cpp(24696,6): warning C4101: 'offset': unreferenced local variable
  .NETFramework,Version=v4.7.2.AssemblyAttributes.cpp
  Generating Code...
  AssemblyInfo.obj : MSIL module encountered; incremental linking is disabled for MSIL; performing full link
  THEMBISA.vcxproj -> C:\Users\laurenbrown\OneDrive - Stellenbosch University\Desktop\Thembisa\x64\Debug\THEMBISA.exe
